************************************************************
*                                                          *
*                     W E L C O M E to                     *
*              M A D G R A P H 5 _ a M C @ N L O           *
*                                                          *
*                                                          *
*                 *                       *                *
*                   *        * *        *                  *
*                     * * * * 5 * * * *                    *
*                   *        * *        *                  *
*                 *                       *                *
*                                                          *
*         VERSION 2.6.5                 2018-02-03         *
*                                                          *
*    The MadGraph5_aMC@NLO Development Team - Find us at   *
*    https://server06.fynu.ucl.ac.be/projects/madgraph     *
*                            and                           *
*            http://amcatnlo.web.cern.ch/amcatnlo/         *
*                                                          *
*               Type 'help' for in-line help.              *
*           Type 'tutorial' to learn how MG5 works         *
*    Type 'tutorial aMCatNLO' to learn how aMC@NLO works   *
*    Type 'tutorial MadLoop' to learn how MadLoop works    *
*                                                          *
************************************************************
load MG5 configuration from ../../MG5_aMC_v2_6_5/input/mg5_configuration.txt 
fastjet-config does not seem to correspond to a valid fastjet-config executable (v3+). We will use fjcore instead.
 Please set the 'fastjet'variable to the full (absolute) /PATH/TO/fastjet-config (including fastjet-config).
 MG5_aMC> set fastjet /PATH/TO/fastjet-config

set lhapdf to /home/kwl/Documents/hep/MG5_aMC_v2_6_5/HEPTools/lhapdf6/bin/lhapdf-config
Using default eps viewer "evince". Set another one in ./input/mg5_configuration.txt
Using default web browser "firefox". Set another one in ./input/mg5_configuration.txt
import /tmp/generate.mg5
The import format was not given, so we guess it as command
import model darkHiggs
INFO: Change particles name to pass to MG5 convention 
Defined multiparticle p = g u c d s u~ c~ d~ s~
Defined multiparticle j = g u c d s u~ c~ d~ s~
Defined multiparticle l+ = e+ mu+
Defined multiparticle l- = e- mu-
Defined multiparticle vl = ve vm vt
Defined multiparticle vl~ = ve~ vm~ vt~
Defined multiparticle all = g u c d s u~ c~ d~ s~ a ve vm vt e- ve~ vm~ vt~ e+ t b t~ b~ z w+ h hd n1 zp w- mu- ta- mu+ ta+
define p = g u c d s u~ c~ d~ s~
Defined multiparticle p = g u c d s u~ c~ d~ s~
define j = g u c d s u~ c~ d~ s~
Defined multiparticle j = g u c d s u~ c~ d~ s~
generate u u~ > u u~ / a z g
INFO: Checking for minimal orders which gives processes. 
INFO: Please specify coupling orders to bypass this step. 
INFO: Trying coupling order WEIGHTED<=2: WEIGTHED IS 2*QED+QCD 
INFO: Trying coupling order WEIGHTED<=3: WEIGTHED IS 2*QED+QCD 
INFO: Trying process: u u~ > u u~ WEIGHTED<=4 / a z g @1  
INFO: Process has 2 diagrams 
1 processes with 2 diagrams generated in 0.008 s
Total: 1 processes with 2 diagrams
output /udd/madminer_events_uuuu/signal_pythia
INFO: directory /udd/madminer_events_uuuu/signal_pythia already exists.
If you continue this directory will be deleted and replaced.
Do you want to continue? [[4my[0m, n]
[1mThe answer to the previous question is not set in your input file[0m
[1mUse y value[0m
INFO: initialize a new directory: signal_pythia 
INFO: remove old information in signal_pythia 
INFO: Organizing processes into subprocess groups 
INFO: Generating Helas calls for process: u u~ > u u~ WEIGHTED<=4 / a z g @1 
INFO: Processing color information for process: u u~ > u u~ / a z g @1 
INFO: Creating files in directory P1_qq_qq 
INFO: Generating Feynman diagrams for Process: u u~ > u u~ WEIGHTED<=4 / a z g @1 
INFO: Finding symmetric diagrams for subprocess group qq_qq 
Generated helas calls for 1 subprocesses (2 diagrams) in 0.013 s
Wrote files for 8 helas calls in 0.028 s
ALOHA: aloha creates FFV1 routines
save configuration file to /udd/madminer_events_uuuu/signal_pythia/Cards/me5_configuration.txt
INFO: Use Fortran compiler gfortran 
INFO: Use c++ compiler g++ 
INFO: Generate jpeg diagrams 
INFO: Generate web pages 
Output to directory /udd/madminer_events_uuuu/signal_pythia done.
Type "launch" to generate events from this process, or see
/udd/madminer_events_uuuu/signal_pythia/README
Run "open index.html" to see more information about this process.
quit
